#
# A fatal error has been detected by the Java Runtime Environment:
#
#  EXCEPTION_ACCESS_VIOLATION (0xc0000005) at pc=0x00000000657cb977, pid=3064, tid=7104
#
# JRE version: Java(TM) SE Runtime Environment (8.0_20-b26) (build 1.8.0_20-b26)
# Java VM: Java HotSpot(TM) 64-Bit Server VM (25.20-b23 mixed mode windows-amd64 compressed oops)
# Problematic frame:
# V  [jvm.dll+0x4eb977]
#
# Failed to write core dump. Minidumps are not enabled by default on client versions of Windows
#
# If you would like to submit a bug report, please visit:
#   http://bugreport.sun.com/bugreport/crash.jsp
#

---------------  T H R E A D  ---------------

Current thread (0x0000000016ead800):  JavaThread "C2 CompilerThread1" daemon [_thread_in_native, id=7104, stack(0x0000000017580000,0x0000000017680000)]

siginfo: ExceptionCode=0xc0000005, reading address 0xffffffffffffffff

Registers:
RAX=0x007200700000001c, RBX=0x0000000000000000, RCX=0x0000000000040000, RDX=0x0000000000000001
RSP=0x000000001767c030, RBP=0x000000001767c130, RSI=0x000000001767ea90, RDI=0x0000000019bea070
R8 =0x00000000000003f8, R9 =0x0000000017e38398, R10=0x0000000000000004, R11=0x0000000000000298
R12=0x0000000000000001, R13=0x0000000000000001, R14=0x0000000017e38300, R15=0x0000000000040000
RIP=0x00000000657cb977, EFLAGS=0x0000000000010297

Top of Stack: (sp=0x000000001767c030)
0x000000001767c030:   000000001915ed50 000000001767c3f8
0x000000001767c040:   0000000000000090 000000006539df57
0x000000001767c050:   000000001767c3d0 000000006539df57
0x000000001767c060:   000000001767c3d0 000000006575c8ec
0x000000001767c070:   000000000010fa90 0000000000007fd8
0x000000001767c080:   000000001767c3d0 0000000017e38398
0x000000001767c090:   0000000000000825 000000006575ce2b
0x000000001767c0a0:   000000001915f6c3 0000000000000087
0x000000001767c0b0:   0000093a00000000 000000001767c3f8
0x000000001767c0c0:   0000000019660000 0000000019015700
0x000000001767c0d0:   0000000000000053 0000093a00000087
0x000000001767c0e0:   000000001767c3f8 0000000000000000
0x000000001767c0f0:   0000000019013210 00000000000004a3
0x000000001767c100:   000000001915f4c8 0000000016eed730
0x000000001767c110:   ffffffffe6ea0dd0 00000000000003d8
0x000000001767c120:   0000000016eedb08 0000000016eed720 

Instructions: (pc=0x00000000657cb977)
0x00000000657cb957:   00 41 8d 50 50 e8 5f 2d bd ff 48 8b f8 eb 07 48
0x00000000657cb967:   89 86 90 01 00 00 48 89 77 10 49 8b 07 49 8b cf
0x00000000657cb977:   ff 50 28 4c 8b 6c 24 58 49 8b cd 48 8b d8 e8 26
0x00000000657cb987:   38 f4 ff 48 8b cf 8b 50 18 48 8b f0 e8 48 22 fe 


Register to memory mapping:

RAX=0x007200700000001c is an unknown value
RBX=0x0000000000000000 is an unknown value
RCX=0x0000000000040000 is an unknown value
RDX=0x0000000000000001 is an unknown value
RSP=0x000000001767c030 is pointing into the stack for thread: 0x0000000016ead800
RBP=0x000000001767c130 is pointing into the stack for thread: 0x0000000016ead800
RSI=0x000000001767ea90 is pointing into the stack for thread: 0x0000000016ead800
RDI=0x0000000019bea070 is an unknown value
R8 =0x00000000000003f8 is an unknown value
R9 =0x0000000017e38398 is an unknown value
R10=0x0000000000000004 is an unknown value
R11=0x0000000000000298 is an unknown value
R12=0x0000000000000001 is an unknown value
R13=0x0000000000000001 is an unknown value
R14=0x0000000017e38300 is an unknown value
R15=0x0000000000040000 is an unknown value


Stack: [0x0000000017580000,0x0000000017680000],  sp=0x000000001767c030,  free space=1008k
Native frames: (J=compiled Java code, j=interpreted, Vv=VM code, C=native code)
V  [jvm.dll+0x4eb977]
V  [jvm.dll+0x444ef1]
V  [jvm.dll+0x4500de]
V  [jvm.dll+0x4526c8]
V  [jvm.dll+0x435fc2]
V  [jvm.dll+0x97b62]
V  [jvm.dll+0x98353]
V  [jvm.dll+0x22aac4]
V  [jvm.dll+0x283f5a]
C  [msvcr100.dll+0x21d9f]
C  [msvcr100.dll+0x21e3b]
C  [KERNEL32.DLL+0x18102]
C  [ntdll.dll+0x5c5b4]


Current CompileTask:
C2:   1871 1427       4       com.android.dx.rop.code.Rops::ropFor (771 bytes)


---------------  P R O C E S S  ---------------

Java Threads: ( => current thread )
  0x0000000017ad5800 JavaThread "pool-1-thread-4" [_thread_in_Java, id=8636, stack(0x0000000018680000,0x0000000018780000)]
  0x0000000017ad5000 JavaThread "pool-1-thread-3" [_thread_in_vm, id=7276, stack(0x0000000018580000,0x0000000018680000)]
  0x0000000017ad4000 JavaThread "pool-1-thread-2" [_thread_in_Java, id=8764, stack(0x0000000018480000,0x0000000018580000)]
  0x0000000017188000 JavaThread "pool-2-thread-1" [_thread_blocked, id=7320, stack(0x0000000018380000,0x0000000018480000)]
  0x0000000017a8e800 JavaThread "pool-1-thread-1" [_thread_in_Java, id=708, stack(0x0000000018280000,0x0000000018380000)]
  0x0000000016f43000 JavaThread "Service Thread" daemon [_thread_blocked, id=2728, stack(0x0000000017880000,0x0000000017980000)]
  0x0000000016eb8000 JavaThread "C1 CompilerThread3" daemon [_thread_in_native, id=6584, stack(0x0000000017780000,0x0000000017880000)]
  0x0000000016eb4800 JavaThread "C2 CompilerThread2" daemon [_thread_in_native, id=6232, stack(0x0000000017680000,0x0000000017780000)]
=>0x0000000016ead800 JavaThread "C2 CompilerThread1" daemon [_thread_in_native, id=7104, stack(0x0000000017580000,0x0000000017680000)]
  0x0000000016eab800 JavaThread "C2 CompilerThread0" daemon [_thread_in_native, id=2616, stack(0x0000000017480000,0x0000000017580000)]
  0x0000000016ea5800 JavaThread "Attach Listener" daemon [_thread_blocked, id=6852, stack(0x0000000017380000,0x0000000017480000)]
  0x0000000016ea5000 JavaThread "Signal Dispatcher" daemon [_thread_blocked, id=5832, stack(0x0000000017280000,0x0000000017380000)]
  0x0000000014e9c000 JavaThread "Finalizer" daemon [_thread_blocked, id=4844, stack(0x0000000016d80000,0x0000000016e80000)]
  0x0000000002373800 JavaThread "Reference Handler" daemon [_thread_blocked, id=8928, stack(0x0000000016c80000,0x0000000016d80000)]
  0x0000000002280800 JavaThread "main" [_thread_in_vm, id=2792, stack(0x0000000002180000,0x0000000002280000)]

Other Threads:
  0x0000000014e98000 VMThread [stack: 0x0000000016b80000,0x0000000016c80000] [id=9092]
  0x0000000016f43800 WatcherThread [stack: 0x0000000017980000,0x0000000017a80000] [id=7412]

VM state:not at safepoint (normal execution)

VM Mutex/Monitor currently owned by a thread: None

Heap:
 PSYoungGen      total 57344K, used 29398K [0x00000000eab00000, 0x00000000eeb00000, 0x0000000100000000)
  eden space 49152K, 43% used [0x00000000eab00000,0x00000000ebfba3c0,0x00000000edb00000)
  from space 8192K, 99% used [0x00000000edb00000,0x00000000ee2fb550,0x00000000ee300000)
  to   space 8192K, 0% used [0x00000000ee300000,0x00000000ee300000,0x00000000eeb00000)
 ParOldGen       total 131072K, used 703K [0x00000000c0000000, 0x00000000c8000000, 0x00000000eab00000)
  object space 131072K, 0% used [0x00000000c0000000,0x00000000c00afee8,0x00000000c8000000)
 Metaspace       used 6122K, capacity 7088K, committed 7296K, reserved 1056768K
  class space    used 592K, capacity 616K, committed 640K, reserved 1048576K

Card table byte_map: [0x0000000011740000,0x0000000011950000] byte_map_base: 0x0000000011140000

Marking Bits: (ParMarkBitMap*) 0x0000000065abb460
 Begin Bits: [0x00000000122b0000, 0x00000000132b0000)
 End Bits:   [0x00000000132b0000, 0x00000000142b0000)

Polling page: 0x0000000001fc0000

CodeCache: size=245760Kb used=6378Kb max_used=6378Kb free=239381Kb
 bounds [0x0000000002380000, 0x00000000029c0000, 0x0000000011380000]
 total_blobs=1771 nmethods=1506 adapters=178
 compilation: enabled

Compilation events (10 events):
Event: 1.848 Thread 0x0000000016eb8000 1517       3       com.android.dx.cf.code.Frame::mergeWith (80 bytes)
Event: 1.849 Thread 0x0000000016eb8000 nmethod 1517 0x00000000029a2e50 code [0x00000000029a3080, 0x00000000029a4068]
Event: 1.849 Thread 0x0000000016eb8000 1520       3       com.android.dx.ssa.PhiInsn::getOpcode (2 bytes)
Event: 1.849 Thread 0x0000000016eb8000 nmethod 1520 0x0000000002995b90 code [0x0000000002995ce0, 0x0000000002995e30]
Event: 1.849 Thread 0x0000000016eb8000 1511       3       com.android.dx.rop.code.ThrowingInsn::accept (8 bytes)
Event: 1.849 Thread 0x0000000016eb8000 nmethod 1511 0x0000000002995710 code [0x0000000002995880, 0x0000000002995aa8]
Event: 1.849 Thread 0x0000000016eb8000 1518       3       com.android.dx.rop.code.Rops::opReturn (89 bytes)
Event: 1.850 Thread 0x0000000016eb8000 nmethod 1518 0x00000000029a4510 code [0x00000000029a4740, 0x00000000029a5318]
Event: 1.853 Thread 0x0000000016eb8000 1523       3       com.android.dx.rop.cst.CstKnownNull::hashCode (3 bytes)
Event: 1.854 Thread 0x0000000016eb8000 nmethod 1523 0x00000000029953d0 code [0x0000000002995520, 0x0000000002995670]

GC Heap History (2 events):
Event: 1.459 GC heap before
{Heap before GC invocations=1 (full 0):
 PSYoungGen      total 57344K, used 49152K [0x00000000eab00000, 0x00000000eeb00000, 0x0000000100000000)
  eden space 49152K, 100% used [0x00000000eab00000,0x00000000edb00000,0x00000000edb00000)
  from space 8192K, 0% used [0x00000000ee300000,0x00000000ee300000,0x00000000eeb00000)
  to   space 8192K, 0% used [0x00000000edb00000,0x00000000edb00000,0x00000000ee300000)
 ParOldGen       total 131072K, used 0K [0x00000000c0000000, 0x00000000c8000000, 0x00000000eab00000)
  object space 131072K, 0% used [0x00000000c0000000,0x00000000c0000000,0x00000000c8000000)
 Metaspace       used 6009K, capacity 6960K, committed 7040K, reserved 1056768K
  class space    used 592K, capacity 616K, committed 640K, reserved 1048576K
Event: 1.468 GC heap after
Heap after GC invocations=1 (full 0):
 PSYoungGen      total 57344K, used 8173K [0x00000000eab00000, 0x00000000eeb00000, 0x0000000100000000)
  eden space 49152K, 0% used [0x00000000eab00000,0x00000000eab00000,0x00000000edb00000)
  from space 8192K, 99% used [0x00000000edb00000,0x00000000ee2fb550,0x00000000ee300000)
  to   space 8192K, 0% used [0x00000000ee300000,0x00000000ee300000,0x00000000eeb00000)
 ParOldGen       total 131072K, used 703K [0x00000000c0000000, 0x00000000c8000000, 0x00000000eab00000)
  object space 131072K, 0% used [0x00000000c0000000,0x00000000c00afee8,0x00000000c8000000)
 Metaspace       used 6009K, capacity 6960K, committed 7040K, reserved 1056768K
  class space    used 592K, capacity 616K, committed 640K, reserved 1048576K
}

Deoptimization events (8 events):
Event: 0.816 Thread 0x0000000017ad5800 Uncommon trap: reason=null_check action=make_not_entrant pc=0x00000000026831e0 method=com.android.dx.ssa.SsaRenamer.getLocalForNewReg(I)Lcom/android/dx/rop/code/LocalItem; @ 19
Event: 1.133 Thread 0x0000000017a8e800 Uncommon trap: reason=bimorphic action=maybe_recompile pc=0x000000000280e9ec method=com.android.dx.cf.code.BytecodeArray.parseInstruction(ILcom/android/dx/cf/code/BytecodeArray$Visitor;)I @ 2484
Event: 1.133 Thread 0x0000000017a8e800 Uncommon trap: reason=bimorphic action=maybe_recompile pc=0x000000000280e9ec method=com.android.dx.cf.code.BytecodeArray.parseInstruction(ILcom/android/dx/cf/code/BytecodeArray$Visitor;)I @ 2484
Event: 1.551 Thread 0x0000000017ad5000 Uncommon trap: reason=unreached action=reinterpret pc=0x00000000028a184c method=com.android.dx.ssa.SCCP.simulateBranch(Lcom/android/dx/ssa/SsaInsn;)V @ 132
Event: 1.597 Thread 0x0000000017ad5800 Uncommon trap: reason=unreached action=reinterpret pc=0x00000000025e7e5c method=com.android.dx.rop.cst.Constant.compareTo(Lcom/android/dx/rop/cst/Constant;)I @ 12
Event: 1.787 Thread 0x0000000017a8e800 Uncommon trap: reason=uninitialized action=reinterpret pc=0x000000000280f418 method=com.android.dx.cf.code.BytecodeArray.parseInstruction(ILcom/android/dx/cf/code/BytecodeArray$Visitor;)I @ 999
Event: 1.793 Thread 0x0000000017a8e800 Uncommon trap: reason=bimorphic action=maybe_recompile pc=0x00000000025a9790 method=java.util.HashMap.getNode(ILjava/lang/Object;)Ljava/util/HashMap$Node; @ 126
Event: 1.793 Thread 0x0000000017a8e800 Uncommon trap: reason=bimorphic action=maybe_recompile pc=0x00000000026b2a94 method=java.util.HashMap.putVal(ILjava/lang/Object;Ljava/lang/Object;ZZ)Ljava/lang/Object; @ 203

Internal exceptions (10 events):
Event: 0.378 Thread 0x0000000017ad5000 Exception <a 'java/security/PrivilegedActionException'> (0x00000000ebb894f0) thrown at [D:\re\workspace\8-2-build-windows-amd64-cygwin\jdk8u20\1074\hotspot\src\share\vm\prims\jvm.cpp, line 1275]
Event: 0.379 Thread 0x0000000017ad5000 Exception <a 'java/security/PrivilegedActionException'> (0x00000000ebb8edb0) thrown at [D:\re\workspace\8-2-build-windows-amd64-cygwin\jdk8u20\1074\hotspot\src\share\vm\prims\jvm.cpp, line 1275]
Event: 0.406 Thread 0x0000000017ad5800 Exception <a 'java/security/PrivilegedActionException'> (0x00000000eba7b4a8) thrown at [D:\re\workspace\8-2-build-windows-amd64-cygwin\jdk8u20\1074\hotspot\src\share\vm\prims\jvm.cpp, line 1275]
Event: 0.429 Thread 0x0000000017ad5000 Exception <a 'java/security/PrivilegedActionException'> (0x00000000ebbe3e50) thrown at [D:\re\workspace\8-2-build-windows-amd64-cygwin\jdk8u20\1074\hotspot\src\share\vm\prims\jvm.cpp, line 1275]
Event: 0.461 Thread 0x0000000017ad5800 Exception <a 'java/security/PrivilegedActionException'> (0x00000000ebadba58) thrown at [D:\re\workspace\8-2-build-windows-amd64-cygwin\jdk8u20\1074\hotspot\src\share\vm\prims\jvm.cpp, line 1275]
Event: 0.482 Thread 0x0000000017a8e800 Exception <a 'java/security/PrivilegedActionException'> (0x00000000ec138d78) thrown at [D:\re\workspace\8-2-build-windows-amd64-cygwin\jdk8u20\1074\hotspot\src\share\vm\prims\jvm.cpp, line 1275]
Event: 0.659 Thread 0x0000000017ad4000 Exception <a 'java/security/PrivilegedActionException'> (0x00000000ec513fa8) thrown at [D:\re\workspace\8-2-build-windows-amd64-cygwin\jdk8u20\1074\hotspot\src\share\vm\prims\jvm.cpp, line 1275]
Event: 0.816 Thread 0x0000000017ad5800 Implicit null exception at 0x00000000026813ca to 0x00000000026831b9
Event: 0.846 Thread 0x0000000017a8e800 Exception <a 'java/security/PrivilegedActionException'> (0x00000000ec1cfa68) thrown at [D:\re\workspace\8-2-build-windows-amd64-cygwin\jdk8u20\1074\hotspot\src\share\vm\prims\jvm.cpp, line 1275]
Event: 1.443 Thread 0x0000000002280800 Exception <a 'java/security/PrivilegedActionException'> (0x00000000ed9863c8) thrown at [D:\re\workspace\8-2-build-windows-amd64-cygwin\jdk8u20\1074\hotspot\src\share\vm\prims\jvm.cpp, line 1275]

Events (10 events):
Event: 1.597 Thread 0x0000000017ad5800 DEOPT UNPACKING pc=0x00000000023c556a sp=0x000000001877e570 mode 2
Event: 1.787 Thread 0x0000000017a8e800 Uncommon trap: trap_request=0xffffffb5 fr.pc=0x000000000280f418
Event: 1.787 Thread 0x0000000017a8e800 DEOPT PACKING pc=0x000000000280f418 sp=0x000000001837ecb0
Event: 1.787 Thread 0x0000000017a8e800 DEOPT UNPACKING pc=0x00000000023c556a sp=0x000000001837ec50 mode 2
Event: 1.793 Thread 0x0000000017a8e800 Uncommon trap: trap_request=0xffffffc6 fr.pc=0x00000000025a9790
Event: 1.793 Thread 0x0000000017a8e800 DEOPT PACKING pc=0x00000000025a9790 sp=0x000000001837eb60
Event: 1.793 Thread 0x0000000017a8e800 DEOPT UNPACKING pc=0x00000000023c556a sp=0x000000001837ead0 mode 2
Event: 1.793 Thread 0x0000000017a8e800 Uncommon trap: trap_request=0xffffffc6 fr.pc=0x00000000026b2a94
Event: 1.793 Thread 0x0000000017a8e800 DEOPT PACKING pc=0x00000000026b2a94 sp=0x000000001837eb30
Event: 1.793 Thread 0x0000000017a8e800 DEOPT UNPACKING pc=0x00000000023c556a sp=0x000000001837eaa8 mode 2


Dynamic libraries:
0x00007ff70e500000 - 0x00007ff70e534000 	C:\Program Files\Java\jdk1.8.0_20\bin\java.exe
0x00007ffa7d340000 - 0x00007ffa7d501000 	C:\WINDOWS\SYSTEM32\ntdll.dll
0x00007ffa7aaa0000 - 0x00007ffa7ab4d000 	C:\WINDOWS\system32\KERNEL32.DLL
0x00007ffa7a190000 - 0x00007ffa7a378000 	C:\WINDOWS\system32\KERNELBASE.dll
0x00007ffa7ab90000 - 0x00007ffa7ac37000 	C:\WINDOWS\system32\ADVAPI32.dll
0x00007ffa7d0a0000 - 0x00007ffa7d13d000 	C:\WINDOWS\system32\msvcrt.dll
0x00007ffa7a740000 - 0x00007ffa7a79b000 	C:\WINDOWS\system32\sechost.dll
0x00007ffa7d210000 - 0x00007ffa7d32c000 	C:\WINDOWS\system32\RPCRT4.dll
0x00007ffa7a7a0000 - 0x00007ffa7a8f6000 	C:\WINDOWS\system32\USER32.dll
0x00007ffa7c270000 - 0x00007ffa7c3f6000 	C:\WINDOWS\system32\GDI32.dll
0x00007ffa74bc0000 - 0x00007ffa74e34000 	C:\WINDOWS\WinSxS\amd64_microsoft.windows.common-controls_6595b64144ccf1df_6.0.10586.0_none_8c15ae12515e1c22\COMCTL32.dll
0x00007ffa7c670000 - 0x00007ffa7c8ed000 	C:\WINDOWS\system32\combase.dll
0x00007ffa7a040000 - 0x00007ffa7a0aa000 	C:\WINDOWS\system32\bcryptPrimitives.dll
0x00007ffa7ab50000 - 0x00007ffa7ab8b000 	C:\WINDOWS\system32\IMM32.DLL
0x0000000064e60000 - 0x0000000064f32000 	C:\Program Files\Java\jdk1.8.0_20\jre\bin\msvcr100.dll
0x00000000652e0000 - 0x0000000065b38000 	C:\Program Files\Java\jdk1.8.0_20\jre\bin\server\jvm.dll
0x00007ffa7d330000 - 0x00007ffa7d338000 	C:\WINDOWS\system32\PSAPI.DLL
0x00007ffa61200000 - 0x00007ffa61209000 	C:\WINDOWS\SYSTEM32\WSOCK32.dll
0x00007ffa7aca0000 - 0x00007ffa7ad0b000 	C:\WINDOWS\system32\WS2_32.dll
0x00007ffa77f80000 - 0x00007ffa77fa3000 	C:\WINDOWS\SYSTEM32\WINMM.dll
0x00007ffa77f20000 - 0x00007ffa77f4c000 	C:\WINDOWS\SYSTEM32\WINMMBASE.dll
0x00007ffa7a6f0000 - 0x00007ffa7a733000 	C:\WINDOWS\system32\cfgmgr32.dll
0x00000000652d0000 - 0x00000000652df000 	C:\Program Files\Java\jdk1.8.0_20\jre\bin\verify.dll
0x00000000652a0000 - 0x00000000652c8000 	C:\Program Files\Java\jdk1.8.0_20\jre\bin\java.dll
0x0000000065280000 - 0x0000000065296000 	C:\Program Files\Java\jdk1.8.0_20\jre\bin\zip.dll
0x00007ffa7ad10000 - 0x00007ffa7c26c000 	C:\WINDOWS\system32\SHELL32.dll
0x00007ffa799f0000 - 0x00007ffa7a035000 	C:\WINDOWS\system32\windows.storage.dll
0x00007ffa7c610000 - 0x00007ffa7c662000 	C:\WINDOWS\system32\shlwapi.dll
0x00007ffa799e0000 - 0x00007ffa799ef000 	C:\WINDOWS\system32\kernel.appcore.dll
0x00007ffa7a0b0000 - 0x00007ffa7a165000 	C:\WINDOWS\system32\shcore.dll
0x00007ffa79990000 - 0x00007ffa799db000 	C:\WINDOWS\system32\powrprof.dll
0x00007ffa79960000 - 0x00007ffa79974000 	C:\WINDOWS\system32\profapi.dll
0x00007ffa5d7c0000 - 0x00007ffa5d94c000 	C:\WINDOWS\SYSTEM32\dbghelp.dll

VM Arguments:
jvm_args: -Djava.awt.headless=true -Xmx1024M -Dfile.encoding=windows-1252 -Duser.country=US -Duser.language=en -Duser.variant 
java_command: com.android.dx.command.Main --dex --num-threads=4 --output C:\Users\Suyash\AndroidStudioProjects\XposedEnableMergedTabs\app\build\intermediates\pre-dexed\release\com.android.support-appcompat-v7-23.3.0_ec8e19d5c6b89da955be018c1c7e40e4f462a733.jar C:\Users\Suyash\AndroidStudioProjects\XposedEnableMergedTabs\app\build\intermediates\exploded-aar\com.android.support\appcompat-v7\23.3.0\jars\classes.jar
java_class_path (initial): C:\Users\Suyash\AppData\Local\Android\android-sdk\build-tools\23.0.3\lib\dx.jar
Launcher Type: SUN_STANDARD

Environment Variables:
JAVA_HOME=C:\Program Files\Java\jdk1.8.0_20
PATH=C:\ProgramData\Oracle\Java\javapath;C:\WINDOWS\system32;C:\WINDOWS;C:\WINDOWS\System32\Wbem;C:\WINDOWS\System32\WindowsPowerShell\v1.0\;C:\Program Files (x86)\Windows Live\Shared;C:\Program Files\Microsoft SQL Server\110\Tools\Binn\;C:\Program Files (x86)\Java\jre1.8.0_31\bin;C:\Program Files (x86)\NVIDIA Corporation\PhysX\Common;C:\WINDOWS\system32;C:\WINDOWS;C:\WINDOWS\System32\Wbem;C:\WINDOWS\System32\WindowsPowerShell\v1.0\;C:\Program Files (x86)\Skype\Phone\
USERNAME=Suyash
OS=Windows_NT
PROCESSOR_IDENTIFIER=Intel64 Family 6 Model 58 Stepping 9, GenuineIntel



---------------  S Y S T E M  ---------------

OS: Windows 8.1 , 64 bit Build 9600 

CPU:total 8 (4 cores per cpu, 2 threads per core) family 6 model 58 stepping 9, cmov, cx8, fxsr, mmx, sse, sse2, sse3, ssse3, sse4.1, sse4.2, popcnt, avx, aes, clmul, erms, ht, tsc, tscinvbit, tscinv

Memory: 4k page, physical 12521332k(7711968k free), swap 14421876k(8499548k free)

vm_info: Java HotSpot(TM) 64-Bit Server VM (25.20-b23) for windows-amd64 JRE (1.8.0_20-b26), built on Jul 30 2014 13:51:23 by "java_re" with MS VC++ 10.0 (VS2010)

time: Thu Apr 28 20:52:09 2016
elapsed time: 1 seconds (0d 0h 0m 1s)

